<?xml version="1.0" encoding="UTF-8"?>
<!-- Generated by org.testng.reporters.JUnitReportReporter -->
<testsuite hostname="DESKTOP-ORKTBJG" failures="0" tests="1" name="com.SampleProject.CreateDataTest" time="0.020" errors="0" timestamp="2023-08-16T14:50:32 IST" skipped="0">
  <testcase classname="com.SampleProject.CreateDataTest" name="createTest" time="0.020"/>
  <system-out/>
</testsuite> <!-- com.SampleProject.CreateDataTest -->
