<?xml version="1.0" encoding="UTF-8"?>
<!-- Generated by org.testng.reporters.JUnitReportReporter -->
<testsuite hostname="DESKTOP-ORKTBJG" failures="0" tests="1" name="com.SampleProject.CreateData" time="0.022" errors="0" timestamp="2023-08-16T14:42:17 IST" skipped="0">
  <testcase classname="com.SampleProject.CreateData" name="createTest" time="0.022"/>
  <system-out/>
</testsuite> <!-- com.SampleProject.CreateData -->
