<?xml version="1.0" encoding="UTF-8"?>
<!-- Generated by org.testng.reporters.JUnitReportReporter -->
<testsuite hostname="DESKTOP-ORKTBJG" failures="0" tests="1" name="com.SampleProject.ModifyDataTest" time="0.005" errors="0" timestamp="2023-08-16T14:50:32 IST" skipped="0">
  <testcase classname="com.SampleProject.ModifyDataTest" name="deleteTest" time="0.005"/>
  <system-out/>
</testsuite> <!-- com.SampleProject.ModifyDataTest -->
