<?xml version="1.0" encoding="UTF-8"?>
<!-- Generated by org.testng.reporters.JUnitReportReporter -->
<testsuite hostname="DESKTOP-ORKTBJG" failures="0" tests="2" name="com.SampleProject.ModifyData" time="0.035" errors="0" timestamp="2023-08-16T14:44:44 IST" skipped="0">
  <testcase classname="com.SampleProject.ModifyData" name="modifyTest" time="0.013"/>
  <system-out/>
  <testcase classname="com.SampleProject.ModifyData" name="deleteTest" time="0.022"/>
  <system-out/>
</testsuite> <!-- com.SampleProject.ModifyData -->
